2023.04.15 23:20:55,668	INFO	1	org.l2jmobius.commons.util.IXmlReader	Network Config: ipconfig.xml doesn't exists using automatic configuration...
2023.04.15 23:20:56,298	INFO	1	org.l2jmobius.commons.util.IXmlReader	Network Config: Adding new subnet: 127.0.0.0/8 address: 127.0.0.1
2023.04.15 23:20:56,323	INFO	1	org.l2jmobius.commons.util.IXmlReader	Network Config: Adding new subnet: 192.168.80.0/24 address: 192.168.80.1
2023.04.15 23:20:56,363	INFO	1	org.l2jmobius.commons.util.IXmlReader	Network Config: Adding new subnet: 192.168.174.0/24 address: 192.168.174.1
2023.04.15 23:20:56,384	INFO	1	org.l2jmobius.commons.util.IXmlReader	Network Config: Adding new subnet: 169.254.0.0/16 address: 169.254.138.222
2023.04.15 23:20:56,448	INFO	1	org.l2jmobius.commons.util.IXmlReader	Network Config: Adding new subnet: 192.168.1.0/24 address: 192.168.1.101
2023.04.15 23:20:56,478	INFO	31	org.l2jmobius.gameserver.model.World	World: (288 by 272) World Region Grid set up.
2023.04.15 23:20:56,598	INFO	1	org.l2jmobius.commons.util.IXmlReader	Network Config: Adding new subnet: 0.0.0.0/0 address: 1.171.203.32
2023.04.15 23:20:56,616	INFO	1	org.l2jmobius.Config	Loaded 6 Filter Words.
2023.04.15 23:20:56,632	INFO	1	org.l2jmobius.gameserver.GameServer	------------------------------------------------=[ Database ]
2023.04.15 23:20:56,824	INFO	1	org.l2jmobius.commons.database.DatabaseFactory	Database: Initialized.
2023.04.15 23:20:56,824	INFO	1	org.l2jmobius.gameserver.GameServer	----------------------------------------------=[ ThreadPool ]
2023.04.15 23:20:56,825	INFO	1	org.l2jmobius.commons.threads.ThreadPool	ThreadPool: Initialized
2023.04.15 23:20:56,825	INFO	1	org.l2jmobius.commons.threads.ThreadPool	...16 scheduled pool executors with 64 total threads.
2023.04.15 23:20:56,827	INFO	1	org.l2jmobius.commons.threads.ThreadPool	...16 instant pool executors with 32 total threads.
2023.04.15 23:20:56,847	INFO	1	org.l2jmobius.gameserver.GameServer	-----------------------------------------------=[ IdManager ]
2023.04.15 23:20:56,851	INFO	1	org.l2jmobius.gameserver.instancemanager.IdManager	Updated characters online status.
2023.04.15 23:20:56,900	INFO	1	org.l2jmobius.gameserver.instancemanager.IdManager	IdManager: Cleaned 0 elements from database in 0 seconds.
2023.04.15 23:20:56,906	INFO	1	org.l2jmobius.gameserver.instancemanager.IdManager	IdManager: Cleaned 0 expired timestamps from database.
2023.04.15 23:20:56,909	INFO	1	org.l2jmobius.gameserver.instancemanager.IdManager	IdManager: 102912 id's available.
2023.04.15 23:20:56,910	INFO	1	org.l2jmobius.gameserver.GameServer	----------------------------------------=[ Scripting Engine ]
2023.04.15 23:20:57,046	INFO	1	org.l2jmobius.gameserver.scripting.ScriptEngineManager	Loaded 792 files to exclude.
2023.04.15 23:20:57,046	INFO	1	org.l2jmobius.gameserver.GameServer	--------------------------------------------------=[ Telnet ]
2023.04.15 23:20:57,189	INFO	1	org.l2jmobius.gameserver.network.telnet.TelnetServer	Telnet server is currently disabled.
2023.04.15 23:20:57,189	INFO	1	org.l2jmobius.gameserver.GameServer	---------------------------------------------------=[ World ]
2023.04.15 23:20:57,282	INFO	1	org.l2jmobius.gameserver.instancemanager.MapRegionManager	MapRegionManager: Loaded 30 map regions.
2023.04.15 23:20:57,286	INFO	1	org.l2jmobius.gameserver.instancemanager.ZoneManager	ZoneManager 19 by 18 Zone Region Grid set up.
2023.04.15 23:20:57,667	INFO	1	org.l2jmobius.gameserver.instancemanager.ZoneManager	ZoneManager: Loaded 32 zone classes and 2728 zones.
2023.04.15 23:20:57,672	INFO	1	org.l2jmobius.gameserver.instancemanager.ZoneManager	ZoneManager: Last static id 200224.
2023.04.15 23:20:57,914	INFO	1	org.l2jmobius.gameserver.data.xml.DoorData	DoorData: Loaded 1512 doors.
2023.04.15 23:20:57,924	INFO	1	FenceData	FenceData: Loaded 1 fences.
2023.04.15 23:20:57,939	INFO	1	org.l2jmobius.gameserver.instancemanager.GlobalVariablesManager	GlobalVariablesManager: Loaded 5 variables.
2023.04.15 23:20:57,939	INFO	1	org.l2jmobius.gameserver.GameServer	----------------------------------------------------=[ Data ]
2023.04.15 23:20:57,949	INFO	1	org.l2jmobius.gameserver.data.xml.ActionData	ActionData: Loaded 215 player actions.
2023.04.15 23:20:57,981	INFO	1	org.l2jmobius.gameserver.data.xml.CategoryData	CategoryData: Loaded 215 categories.
2023.04.15 23:20:57,987	INFO	1	org.l2jmobius.gameserver.data.xml.SecondaryAuthData	SecondaryAuthData: Loaded 328 forbidden passwords.
2023.04.15 23:20:57,993	INFO	1	org.l2jmobius.gameserver.data.xml.CombinationItemsData	CombinationItemsData: Loaded 0 combinations.
2023.04.15 23:20:57,998	INFO	1	org.l2jmobius.gameserver.data.xml.SayuneData	SayuneData: Loaded 0 maps.
2023.04.15 23:20:58,027	INFO	1	org.l2jmobius.gameserver.data.xml.ClanRewardData	ClanRewardData: Loaded 4 rewards for MEMBERS_ONLINE.
2023.04.15 23:20:58,028	INFO	1	org.l2jmobius.gameserver.data.xml.ClanRewardData	ClanRewardData: Loaded 4 rewards for HUNTING_MONSTERS.
2023.04.15 23:20:58,028	INFO	1	org.l2jmobius.gameserver.GameServer	--------------------------------------------------=[ Skills ]
2023.04.15 23:21:01,288	INFO	1	handlers.EffectMasterHandler	EffectMasterHandler: Loaded 361 effect handlers.
2023.04.15 23:21:01,306	INFO	1	org.l2jmobius.gameserver.data.xml.EnchantSkillGroupsData	EnchantSkillGroupsData: Loaded 30 enchant routes, max enchant set to 30.
2023.04.15 23:21:02,232	INFO	1	org.l2jmobius.gameserver.data.xml.SkillData	SkillData: Loaded 31158 Skills.
2023.04.15 23:21:02,487	INFO	1	org.l2jmobius.gameserver.data.xml.SkillTreeData	SkillTreeData: Loaded 13756 Class skills for 89 class skill trees.
2023.04.15 23:21:02,487	INFO	1	org.l2jmobius.gameserver.data.xml.SkillTreeData	SkillTreeData: Loaded 0 sub-class skills.
2023.04.15 23:21:02,488	INFO	1	org.l2jmobius.gameserver.data.xml.SkillTreeData	SkillTreeData: Loaded 0 dual-class skills.
2023.04.15 23:21:02,488	INFO	1	org.l2jmobius.gameserver.data.xml.SkillTreeData	SkillTreeData: Loaded 0 transfer skills for 0 transfer skill trees.
2023.04.15 23:21:02,488	INFO	1	org.l2jmobius.gameserver.data.xml.SkillTreeData	SkillTreeData: Loaded 0 race skills for 0 race skill trees.
2023.04.15 23:21:02,488	INFO	1	org.l2jmobius.gameserver.data.xml.SkillTreeData	SkillTreeData: Loaded 18 fishing skills, 8 Dwarven only fishing skills.
2023.04.15 23:21:02,488	INFO	1	org.l2jmobius.gameserver.data.xml.SkillTreeData	SkillTreeData: Loaded 0 collect skills.
2023.04.15 23:21:02,492	INFO	1	org.l2jmobius.gameserver.data.xml.SkillTreeData	SkillTreeData: Loaded 73 clan skills, 43 for clan and 30 residential.
2023.04.15 23:21:02,493	INFO	1	org.l2jmobius.gameserver.data.xml.SkillTreeData	SkillTreeData: Loaded 18 sub-pledge skills.
2023.04.15 23:21:02,493	INFO	1	org.l2jmobius.gameserver.data.xml.SkillTreeData	SkillTreeData: Loaded 0 transform skills.
2023.04.15 23:21:02,493	INFO	1	org.l2jmobius.gameserver.data.xml.SkillTreeData	SkillTreeData: Loaded 5 noble skills.
2023.04.15 23:21:02,493	INFO	1	org.l2jmobius.gameserver.data.xml.SkillTreeData	SkillTreeData: Loaded 5 hero skills.
2023.04.15 23:21:02,493	INFO	1	org.l2jmobius.gameserver.data.xml.SkillTreeData	SkillTreeData: Loaded 34 game master skills.
2023.04.15 23:21:02,493	INFO	1	org.l2jmobius.gameserver.data.xml.SkillTreeData	SkillTreeData: Loaded 1 game master aura skills.
2023.04.15 23:21:02,493	INFO	1	org.l2jmobius.gameserver.data.xml.SkillTreeData	SkillTreeData: Loaded 0 ability skills.
2023.04.15 23:21:02,493	INFO	1	org.l2jmobius.gameserver.data.xml.SkillTreeData	SkillTreeData: Loaded 0 alchemy skills.
2023.04.15 23:21:02,493	INFO	1	org.l2jmobius.gameserver.data.xml.SkillTreeData	SkillTreeData: Loaded 0 class awaken save skills.
2023.04.15 23:21:02,494	INFO	1	org.l2jmobius.gameserver.data.xml.SkillTreeData	SkillTreeData: Loaded 0 Revelation skills.
2023.04.15 23:21:02,494	INFO	1	org.l2jmobius.gameserver.data.xml.SkillTreeData	SkillTreeData: Loaded 8 common skills.
2023.04.15 23:21:02,506	INFO	1	org.l2jmobius.gameserver.data.xml.PetSkillData	PetSkillData: Loaded 881 skills.
2023.04.15 23:21:02,506	INFO	1	org.l2jmobius.gameserver.GameServer	---------------------------------------------------=[ Items ]
2023.04.15 23:21:02,905	INFO	1	org.l2jmobius.gameserver.data.ItemTable	ItemTable: Highest item id used: 49870
2023.04.15 23:21:02,906	INFO	1	org.l2jmobius.gameserver.data.ItemTable	ItemTable: Loaded 4363 Etc Items
2023.04.15 23:21:02,907	INFO	1	org.l2jmobius.gameserver.data.ItemTable	ItemTable: Loaded 778 Armor Items
2023.04.15 23:21:02,907	INFO	1	org.l2jmobius.gameserver.data.ItemTable	ItemTable: Loaded 1254 Weapon Items
2023.04.15 23:21:02,907	INFO	1	org.l2jmobius.gameserver.data.ItemTable	ItemTable: Loaded 6395 Items in total.
2023.04.15 23:21:02,912	INFO	1	org.l2jmobius.gameserver.data.xml.EnchantItemGroupsData	EnchantItemGroupsData: Loaded 4 item group templates.
2023.04.15 23:21:02,912	INFO	1	org.l2jmobius.gameserver.data.xml.EnchantItemGroupsData	EnchantItemGroupsData: Loaded 1 scroll group templates.
2023.04.15 23:21:02,915	INFO	1	org.l2jmobius.gameserver.data.xml.EnchantItemData	EnchantItemData: Loaded 24 enchant scrolls.
2023.04.15 23:21:02,915	INFO	1	org.l2jmobius.gameserver.data.xml.EnchantItemData	EnchantItemData: Loaded 0 support items.
2023.04.15 23:21:02,924	INFO	1	org.l2jmobius.gameserver.data.xml.EnchantItemOptionsData	EnchantItemOptionsData: Loaded 65 items and 1591 options.
2023.04.15 23:21:02,927	INFO	1	org.l2jmobius.commons.util.IXmlReader	ElementalAttributeData: Loaded 0 elemental attribute items.
2023.04.15 23:21:02,931	INFO	1	org.l2jmobius.gameserver.data.xml.ItemCrystallizationData	ItemCrystallizationData: Loaded 12 crystallization templates.
2023.04.15 23:21:02,931	INFO	1	org.l2jmobius.gameserver.data.xml.ItemCrystallizationData	ItemCrystallizationData: Loaded 0 pre-defined crystallizable items.
2023.04.15 23:21:02,933	INFO	1	org.l2jmobius.gameserver.data.xml.ItemCrystallizationData	ItemCrystallizationData: Generated 0 crystallizable items from templates.
2023.04.15 23:21:03,019	INFO	1	org.l2jmobius.gameserver.data.xml.OptionData	OptionData: Loaded 2640 options.
2023.04.15 23:21:03,024	INFO	1	VariationData	VariationData: Loaded 0 variations.
2023.04.15 23:21:03,024	INFO	1	VariationData	VariationData: Loaded 0 fees.
2023.04.15 23:21:03,027	INFO	1	org.l2jmobius.gameserver.data.xml.EnchantItemHPBonusData	EnchantItemHPBonusData: Loaded 11 enchant HP bonuses.
2023.04.15 23:21:03,322	INFO	1	org.l2jmobius.gameserver.data.xml.BuyListData	BuyListData: Loaded 333 buyLists.
2023.04.15 23:21:03,361	INFO	1	org.l2jmobius.gameserver.data.xml.MultisellData	MultisellData: Loaded 29 multisell lists.
2023.04.15 23:21:03,379	INFO	1	org.l2jmobius.gameserver.data.xml.RecipeData	RecipeData: Loaded 623 recipes.
2023.04.15 23:21:03,388	INFO	1	org.l2jmobius.gameserver.data.xml.ArmorSetData	ArmorSetData: Loaded 33 armor sets.
2023.04.15 23:21:03,392	INFO	1	org.l2jmobius.gameserver.data.xml.FishingData	FishingData: Loaded 2 bait and 2 rod data.
2023.04.15 23:21:03,415	INFO	1	org.l2jmobius.gameserver.data.xml.HennaData	HennaData: Loaded 372 henna data.
2023.04.15 23:21:03,419	INFO	1	org.l2jmobius.gameserver.data.xml.PrimeShopData	PrimeShopData: Loaded 8 items.
2023.04.15 23:21:03,429	INFO	1	org.l2jmobius.commons.util.IXmlReader	LuckyGameData: Loaded 2 lucky game data.
2023.04.15 23:21:03,430	INFO	1	org.l2jmobius.gameserver.data.xml.AttendanceRewardData	AttendanceRewardData: Disabled.
2023.04.15 23:21:03,431	INFO	1	org.l2jmobius.gameserver.GameServer	----------------------------------------------=[ Characters ]
2023.04.15 23:21:03,433	INFO	1	org.l2jmobius.gameserver.data.xml.ClassListData	ClassListData: Loaded 153 class data.
2023.04.15 23:21:03,435	INFO	1	org.l2jmobius.gameserver.data.xml.InitialEquipmentData	InitialEquipmentData: Loaded 9 initial equipment data.
2023.04.15 23:21:03,439	INFO	1	org.l2jmobius.gameserver.data.xml.InitialShortcutData	InitialShortcutData: Loaded 5 initial global shortcuts data.
2023.04.15 23:21:03,439	INFO	1	org.l2jmobius.gameserver.data.xml.InitialShortcutData	InitialShortcutData: Loaded 4 initial shortcuts data.
2023.04.15 23:21:03,439	INFO	1	org.l2jmobius.gameserver.data.xml.InitialShortcutData	InitialShortcutData: Loaded 0 macro presets.
2023.04.15 23:21:03,441	INFO	1	org.l2jmobius.gameserver.data.xml.ExperienceData	ExperienceData: Loaded 76 levels.
2023.04.15 23:21:03,441	INFO	1	org.l2jmobius.gameserver.data.xml.ExperienceData	ExperienceData: Max Player Level is 75.
2023.04.15 23:21:03,442	INFO	1	org.l2jmobius.gameserver.data.xml.ExperienceData	ExperienceData: Max Pet Level is 75.
2023.04.15 23:21:03,445	INFO	1	org.l2jmobius.gameserver.data.xml.KarmaData	KarmaData: Loaded 75 karma modifiers.
2023.04.15 23:21:03,447	INFO	1	org.l2jmobius.gameserver.data.xml.HitConditionBonusData	HitConditionBonusData: Loaded hit condition bonuses.
2023.04.15 23:21:03,647	INFO	1	org.l2jmobius.gameserver.data.xml.PlayerTemplateData	PlayerTemplateData: Loaded 89 character templates.
2023.04.15 23:21:03,648	INFO	1	org.l2jmobius.gameserver.data.xml.PlayerTemplateData	PlayerTemplateData: Loaded 40050 level up gain records.
2023.04.15 23:21:03,650	INFO	1	org.l2jmobius.gameserver.data.sql.CharNameTable	CharNameTable: Loaded 0 char names.
2023.04.15 23:21:03,654	INFO	1	org.l2jmobius.gameserver.data.xml.AdminData	AdminData: Loaded 10 access levels.
2023.04.15 23:21:03,657	INFO	1	org.l2jmobius.gameserver.data.xml.AdminData	AdminData: Loaded 435 access commands.
2023.04.15 23:21:03,909	INFO	1	org.l2jmobius.gameserver.data.xml.PetDataTable	PetDataTable: Loaded 53 pets.
2023.04.15 23:21:03,939	INFO	1	org.l2jmobius.gameserver.data.xml.CubicData	CubicData: Loaded 21 cubics.
2023.04.15 23:21:03,949	INFO	1	org.l2jmobius.gameserver.GameServer	---------------------------------------------------=[ Clans ]
2023.04.15 23:21:03,956	INFO	1	org.l2jmobius.gameserver.communitybbs.Manager.ForumsBBSManager	ForumsBBSManager: Loaded 4 forums. Last forum id used: 4
2023.04.15 23:21:03,956	INFO	1	org.l2jmobius.gameserver.data.sql.ClanTable	ClanTable: Restored 0 clans from the database.
2023.04.15 23:21:03,960	INFO	1	org.l2jmobius.gameserver.data.xml.ResidenceFunctionsData	ResidenceFunctionsData: Loaded 8 functions.
2023.04.15 23:21:04,033	INFO	1	org.l2jmobius.gameserver.data.xml.ClanHallData	ClanHallData: Succesfully loaded 42 clan halls.
2023.04.15 23:21:04,034	INFO	1	org.l2jmobius.gameserver.instancemanager.ClanHallAuctionManager	ClanHallAuctionManager: Clan Hall Auction has started!
2023.04.15 23:21:04,065	INFO	1	org.l2jmobius.gameserver.instancemanager.ClanEntryManager	ClanEntryManager: Loaded 0 clan entries.
2023.04.15 23:21:04,067	INFO	1	org.l2jmobius.gameserver.instancemanager.ClanEntryManager	ClanEntryManager: Loaded 0 players in waiting list.
2023.04.15 23:21:04,069	INFO	1	org.l2jmobius.gameserver.instancemanager.ClanEntryManager	ClanEntryManager: Loaded 0 player applications.
2023.04.15 23:21:04,069	INFO	1	org.l2jmobius.gameserver.GameServer	-------------------------------------------------=[ Geodata ]
2023.04.15 23:21:04,146	INFO	1	org.l2jmobius.gameserver.geoengine.GeoEngine	GeoEngine: Loaded 0 regions.
2023.04.15 23:21:04,146	INFO	1	org.l2jmobius.gameserver.GameServer	----------------------------------------------------=[ NPCs ]
2023.04.15 23:21:04,705	INFO	1	org.l2jmobius.gameserver.data.xml.NpcData	NpcData: Loaded 4317 NPCs.
2023.04.15 23:21:04,716	INFO	1	org.l2jmobius.gameserver.data.xml.NpcData	NpcData: Loaded 15 custom NPCs.
2023.04.15 23:21:04,717	INFO	1	org.l2jmobius.gameserver.data.xml.FakePlayerData	FakePlayerData: Disabled.
2023.04.15 23:21:04,718	INFO	1	org.l2jmobius.gameserver.instancemanager.FakePlayerChatManager	FakePlayerChatManager: Disabled.
2023.04.15 23:21:04,890	INFO	1	org.l2jmobius.gameserver.data.xml.SpawnData	SpawnData: Loaded 19720 spawns
2023.04.15 23:21:04,896	INFO	1	org.l2jmobius.gameserver.instancemanager.WalkingManager	WalkingManager: Loaded 1 walking routes.
2023.04.15 23:21:04,906	INFO	1	org.l2jmobius.gameserver.data.xml.StaticObjectData	StaticObjectData: Loaded 86 static object templates.
2023.04.15 23:21:04,907	INFO	1	org.l2jmobius.gameserver.instancemanager.ItemAuctionManager	ItemAuctionManager: Disabled.
2023.04.15 23:21:04,922	INFO	1	org.l2jmobius.gameserver.instancemanager.CastleManager	CastleManager: Loaded 5 castles.
2023.04.15 23:21:04,928	INFO	1	org.l2jmobius.gameserver.data.SchemeBufferTable	SchemeBufferTable: Loaded 0 players schemes and 60 available buffs.
2023.04.15 23:21:04,936	INFO	1	org.l2jmobius.gameserver.instancemanager.GrandBossManager	GrandBossManager: Queen Ant(29001) status is 0
2023.04.15 23:21:04,936	INFO	1	org.l2jmobius.gameserver.instancemanager.GrandBossManager	GrandBossManager: Core(29006) status is 0
2023.04.15 23:21:04,936	INFO	1	org.l2jmobius.gameserver.instancemanager.GrandBossManager	GrandBossManager: Orfen(29014) status is 0
2023.04.15 23:21:04,936	INFO	1	org.l2jmobius.gameserver.instancemanager.GrandBossManager	GrandBossManager: Antharas(29068) status is 0
2023.04.15 23:21:04,936	INFO	1	org.l2jmobius.gameserver.instancemanager.GrandBossManager	GrandBossManager: Loaded 4 instances.
2023.04.15 23:21:04,938	INFO	1	org.l2jmobius.gameserver.GameServer	------------------------------------------------=[ Instance ]
2023.04.15 23:21:04,942	INFO	1	org.l2jmobius.gameserver.instancemanager.InstanceManager	InstanceManager: Loaded 4 instance names.
2023.04.15 23:21:04,949	INFO	1	org.l2jmobius.gameserver.instancemanager.InstanceManager	InstanceManager: Loaded 1 instance templates.
2023.04.15 23:21:04,949	INFO	1	org.l2jmobius.gameserver.instancemanager.InstanceManager	InstanceManager: Loaded instance reenter times for 0 players.
2023.04.15 23:21:04,949	INFO	1	org.l2jmobius.gameserver.GameServer	------------------------------------------------=[ Olympiad ]
2023.04.15 23:21:04,953	INFO	1	org.l2jmobius.gameserver.model.olympiad.Olympiad	Disabled.
2023.04.15 23:21:04,955	INFO	1	org.l2jmobius.gameserver.GameServer	---------------------------------------------------=[ Cache ]
2023.04.15 23:21:04,956	INFO	1	org.l2jmobius.gameserver.cache.HtmCache	Html cache start...
2023.04.15 23:21:06,690	INFO	1	org.l2jmobius.gameserver.cache.HtmCache	Cache[HTML]: 4.151 megabytes on 6437 files loaded.
2023.04.15 23:21:06,693	INFO	1	org.l2jmobius.gameserver.data.sql.CrestTable	CrestTable: Loaded 0 Crests.
2023.04.15 23:21:06,909	INFO	1	org.l2jmobius.gameserver.data.xml.TeleporterData	TeleporterData: Loaded 85 npc teleporters.
2023.04.15 23:21:06,930	INFO	1	org.l2jmobius.gameserver.data.xml.TransformData	TransformData: Loaded 14 transform templates.
2023.04.15 23:21:06,939	INFO	1	org.l2jmobius.gameserver.data.BotReportTable	BotReportTable: Loaded 0 bot reports
2023.04.15 23:21:06,939	INFO	1	org.l2jmobius.gameserver.GameServer	-------------------------------------------------=[ Scripts ]
2023.04.15 23:21:06,943	INFO	1	org.l2jmobius.gameserver.instancemanager.AirShipManager	AirShipManager: Loaded 0 private airships
2023.04.15 23:21:06,949	INFO	1	org.l2jmobius.gameserver.data.xml.ShuttleData	ShuttleData: Loaded 3 shuttles.
2023.04.15 23:21:06,950	INFO	1	org.l2jmobius.gameserver.GameServer	GameServer: Loading server scripts:
2023.04.15 23:21:09,104	INFO	1	handlers.MasterHandler	Loading Handlers...
2023.04.15 23:21:09,163	INFO	1	handlers.MasterHandler	ActionHandler: Loaded 10 handlers.
2023.04.15 23:21:09,163	INFO	1	handlers.MasterHandler	ActionShiftHandler: Loaded 6 handlers.
2023.04.15 23:21:09,163	INFO	1	handlers.MasterHandler	AdminCommandHandler: Loaded 428 handlers.
2023.04.15 23:21:09,163	INFO	1	handlers.MasterHandler	BypassHandler: Loaded 29 handlers.
2023.04.15 23:21:09,163	INFO	1	handlers.MasterHandler	ChatHandler: Loaded 14 handlers.
2023.04.15 23:21:09,163	INFO	1	handlers.MasterHandler	CommunityBoardHandler: Loaded 24 handlers.
2023.04.15 23:21:09,163	INFO	1	handlers.MasterHandler	ItemHandler: Loaded 31 handlers.
2023.04.15 23:21:09,163	INFO	1	handlers.MasterHandler	PunishmentHandler: Loaded 3 handlers.
2023.04.15 23:21:09,163	INFO	1	handlers.MasterHandler	UserCommandHandler: Loaded 16 handlers.
2023.04.15 23:21:09,163	INFO	1	handlers.MasterHandler	VoicedCommandHandler: Loaded 7 handlers.
2023.04.15 23:21:09,163	INFO	1	handlers.MasterHandler	TargetHandler: Loaded 21 handlers.
2023.04.15 23:21:09,163	INFO	1	handlers.MasterHandler	AffectObjectHandler: Loaded 11 handlers.
2023.04.15 23:21:09,163	INFO	1	handlers.MasterHandler	AffectScopeHandler: Loaded 19 handlers.
2023.04.15 23:21:09,163	INFO	1	handlers.MasterHandler	PlayerActionHandler: Loaded 24 handlers.
2023.04.15 23:21:09,163	INFO	1	handlers.MasterHandler	Handlers Loaded...
2023.04.15 23:21:11,349	INFO	1	ai.others.ClassMaster.ClassMaster	ClassMaster: Loaded 0 class change options.
2023.04.15 23:21:11,414	INFO	1	org.l2jmobius.gameserver.model.quest.Quest	Event Eve the Fortune Teller has passed... Ignored 
2023.04.15 23:21:11,418	INFO	1	org.l2jmobius.gameserver.model.quest.Quest	Event Looking for right words has passed... Ignored 
2023.04.15 23:21:11,423	INFO	1	org.l2jmobius.gameserver.model.quest.Quest	Event Merry Squashmas Event has passed... Ignored 
2023.04.15 23:21:11,428	INFO	1	org.l2jmobius.gameserver.model.quest.Quest	Event The Power Of Love has passed... Ignored 
2023.04.15 23:21:11,431	INFO	1	org.l2jmobius.gameserver.model.quest.Quest	Event Total Recall has passed... Ignored 
2023.04.15 23:21:11,435	INFO	1	org.l2jmobius.gameserver.model.quest.Quest	Event Watermelon Ninja has passed... Ignored 
2023.04.15 23:21:11,628	INFO	1	org.l2jmobius.gameserver.data.xml.SpawnData	SpawnData: Initializing spawns...
2023.04.15 23:21:11,921	INFO	1	org.l2jmobius.gameserver.instancemanager.DBSpawnManager	DBSpawnManager: Loaded 102 instances.
2023.04.15 23:21:11,921	INFO	1	org.l2jmobius.gameserver.instancemanager.DBSpawnManager	DBSpawnManager: Scheduled 0 instances.
2023.04.15 23:21:13,228	INFO	1	org.l2jmobius.gameserver.data.xml.SpawnData	SpawnData: All spawns has been initialized!
2023.04.15 23:21:13,229	INFO	1	org.l2jmobius.gameserver.GameServer	---------------------------------------------------=[ Siege ]
2023.04.15 23:21:13,236	INFO	1	org.l2jmobius.gameserver.data.xml.SiegeScheduleData	SiegeScheduleData: Loaded 5 siege schedulers.
2023.04.15 23:21:13,245	INFO	1	org.l2jmobius.gameserver.model.siege.Siege	Siege of Gludio: Sun Apr 23 16:00:00 CST 2023
2023.04.15 23:21:13,245	INFO	1	org.l2jmobius.gameserver.model.siege.Siege	Siege of Dion: Sun Apr 23 16:00:00 CST 2023
2023.04.15 23:21:13,246	INFO	1	org.l2jmobius.gameserver.model.siege.Siege	Siege of Giran: Sun Apr 23 16:00:00 CST 2023
2023.04.15 23:21:13,246	INFO	1	org.l2jmobius.gameserver.model.siege.Siege	Siege of Oren: Sun Apr 23 16:00:00 CST 2023
2023.04.15 23:21:13,247	INFO	1	org.l2jmobius.gameserver.model.siege.Siege	Siege of Aden: Sun Apr 23 16:00:00 CST 2023
2023.04.15 23:21:13,250	INFO	1	org.l2jmobius.gameserver.instancemanager.CastleManorManager	CastleManorManager: Manor system is deactivated.
2023.04.15 23:21:13,252	INFO	1	org.l2jmobius.gameserver.instancemanager.SiegeGuardManager	SiegeGuardManager: Loaded 0 siege guards tickets.
2023.04.15 23:21:13,252	INFO	1	org.l2jmobius.gameserver.instancemanager.QuestManager	QuestManager: Loaded 129 quests.
2023.04.15 23:21:13,252	INFO	1	org.l2jmobius.gameserver.instancemanager.QuestManager	QuestManager: Loaded 82 scripts.
2023.04.15 23:21:13,259	INFO	1	org.l2jmobius.gameserver.taskmanager.TaskManager	TaskManager: Loaded 5 Tasks.
2023.04.15 23:21:13,260	INFO	1	org.l2jmobius.gameserver.instancemanager.DailyTaskManager	DailyTaskManager: Next schedule at 16/04 06:30.
2023.04.15 23:21:13,263	INFO	1	org.l2jmobius.gameserver.instancemanager.MailManager	MailManager: Loaded 0 messages.
2023.04.15 23:21:13,265	INFO	1	org.l2jmobius.gameserver.instancemanager.PunishmentManager	PunishmentManager: Loaded 0 active and 0 expired punishments.
2023.04.15 23:21:13,266	INFO	1	org.l2jmobius.gameserver.GameServer	IdManager: Free ObjectID's remaining: 1879024451
2023.04.15 23:21:13,267	INFO	1	org.l2jmobius.gameserver.data.sql.OfflineTraderTable	OfflineTraderTable: Loading offline traders...
2023.04.15 23:21:13,267	INFO	1	org.l2jmobius.gameserver.data.sql.OfflineTraderTable	OfflineTraderTable: Loaded 0 offline traders.
2023.04.15 23:21:13,385	INFO	1	org.l2jmobius.gameserver.GameServer	GameServer: Started, using 421 of 4096 MB total memory.
2023.04.15 23:21:13,385	INFO	1	org.l2jmobius.gameserver.GameServer	GameServer: Maximum number of connected players is 2000.
2023.04.15 23:21:13,385	INFO	1	org.l2jmobius.gameserver.GameServer	GameServer: Server loaded in 18 seconds.
2023.04.15 23:21:13,543	INFO	1	org.l2jmobius.commons.network.NetworkManager	ClientNetworkManager: Listening on 0.0.0.0:7777
2023.04.15 23:21:13,546	INFO	139	org.l2jmobius.gameserver.LoginServerThread	LoginServerThread: Connecting to login on 127.0.0.1:9014
2023.04.15 23:21:13,579	INFO	139	org.l2jmobius.gameserver.LoginServerThread	LoginServerThread: Registered on login as Server 2: Sieghardt
2023.04.15 23:51:13,269	INFO	96	org.l2jmobius.gameserver.instancemanager.GlobalVariablesManager	GlobalVariablesManager: Stored 5 variables.
2023.04.16 00:00:28,963	WARNING	141	org.l2jmobius.gameserver.network.PacketLogger	Exception processing bypass from Player:1111[268459196]: _bbsloc Cannot invoke "org.l2jmobius.gameserver.model.siege.Castle.getOwnerId()" because "castle" is null
2023.04.16 00:21:13,262	INFO	93	org.l2jmobius.gameserver.instancemanager.GlobalVariablesManager	GlobalVariablesManager: Stored 5 variables.
2023.04.16 00:51:13,262	INFO	96	org.l2jmobius.gameserver.instancemanager.GlobalVariablesManager	GlobalVariablesManager: Stored 5 variables.
2023.04.16 01:21:13,263	INFO	93	org.l2jmobius.gameserver.instancemanager.GlobalVariablesManager	GlobalVariablesManager: Stored 5 variables.
2023.04.16 01:51:13,263	INFO	93	org.l2jmobius.gameserver.instancemanager.GlobalVariablesManager	GlobalVariablesManager: Stored 5 variables.
2023.04.16 02:21:13,263	INFO	96	org.l2jmobius.gameserver.instancemanager.GlobalVariablesManager	GlobalVariablesManager: Stored 5 variables.
2023.04.16 02:51:13,266	INFO	95	org.l2jmobius.gameserver.instancemanager.GlobalVariablesManager	GlobalVariablesManager: Stored 5 variables.
2023.04.16 03:21:13,262	INFO	96	org.l2jmobius.gameserver.instancemanager.GlobalVariablesManager	GlobalVariablesManager: Stored 5 variables.
2023.04.16 03:51:13,263	INFO	95	org.l2jmobius.gameserver.instancemanager.GlobalVariablesManager	GlobalVariablesManager: Stored 5 variables.
2023.04.16 04:21:13,271	INFO	94	org.l2jmobius.gameserver.instancemanager.GlobalVariablesManager	GlobalVariablesManager: Stored 5 variables.
2023.04.16 04:51:13,275	INFO	93	org.l2jmobius.gameserver.instancemanager.GlobalVariablesManager	GlobalVariablesManager: Stored 5 variables.
2023.04.16 05:21:13,273	INFO	94	org.l2jmobius.gameserver.instancemanager.GlobalVariablesManager	GlobalVariablesManager: Stored 5 variables.
2023.04.16 05:51:13,262	INFO	95	org.l2jmobius.gameserver.instancemanager.GlobalVariablesManager	GlobalVariablesManager: Stored 5 variables.
2023.04.16 06:21:13,276	INFO	96	org.l2jmobius.gameserver.instancemanager.GlobalVariablesManager	GlobalVariablesManager: Stored 5 variables.
2023.04.16 06:30:00,262	INFO	87	org.l2jmobius.gameserver.taskmanager.tasks.TaskRecom	Recommendations System reseted.
2023.04.16 06:30:00,263	INFO	92	org.l2jmobius.gameserver.instancemanager.DailyTaskManager	Daily clan bonus has been resetted.
2023.04.16 06:30:00,263	INFO	92	org.l2jmobius.gameserver.instancemanager.DailyTaskManager	Daily skill reuse cleaned.
2023.04.16 06:30:00,264	INFO	92	org.l2jmobius.gameserver.instancemanager.DailyTaskManager	Daily item reuse cleaned.
2023.04.16 06:30:00,264	INFO	92	org.l2jmobius.gameserver.instancemanager.DailyTaskManager	PrimeShopData has been resetted.
2023.04.16 06:30:00,266	INFO	92	org.l2jmobius.gameserver.instancemanager.DailyTaskManager	Daily world chat points has been resetted.
2023.04.16 06:30:00,266	INFO	81	org.l2jmobius.gameserver.taskmanager.tasks.TaskBirthday	BirthdayManager: 0 gifts sent. [2023-03-30] - [2023-04-15]
2023.04.16 06:30:00,267	INFO	92	org.l2jmobius.gameserver.instancemanager.DailyTaskManager	Attendance Rewards has been resetted.
2023.04.16 06:51:13,262	INFO	93	org.l2jmobius.gameserver.instancemanager.GlobalVariablesManager	GlobalVariablesManager: Stored 5 variables.
2023.04.16 07:21:13,268	INFO	94	org.l2jmobius.gameserver.instancemanager.GlobalVariablesManager	GlobalVariablesManager: Stored 5 variables.
2023.04.16 07:51:13,262	INFO	93	org.l2jmobius.gameserver.instancemanager.GlobalVariablesManager	GlobalVariablesManager: Stored 5 variables.
2023.04.16 08:21:13,263	INFO	96	org.l2jmobius.gameserver.instancemanager.GlobalVariablesManager	GlobalVariablesManager: Stored 5 variables.
2023.04.16 08:51:13,262	INFO	95	org.l2jmobius.gameserver.instancemanager.GlobalVariablesManager	GlobalVariablesManager: Stored 5 variables.
2023.04.16 09:02:33,343	INFO	29	org.l2jmobius.gameserver.cache.HtmCache	Html cache start...
2023.04.16 09:02:34,095	INFO	29	org.l2jmobius.gameserver.cache.HtmCache	Cache[HTML]: 4.164 megabytes on 6437 files loaded.
2023.04.16 09:02:42,293	WARNING	29	org.l2jmobius.gameserver.Shutdown	Server scheduled restart issued shutdown command. Shutdown in 1 seconds!
2023.04.16 09:02:43,294	WARNING	781	org.l2jmobius.gameserver.Shutdown	GM shutdown countdown is over. shutting down NOW!
2023.04.16 09:02:43,295	INFO	136	org.l2jmobius.gameserver.Shutdown	All players disconnected and saved(0ms).
2023.04.16 09:02:43,295	INFO	136	org.l2jmobius.gameserver.Shutdown	Movement Task Manager: Thread interruped(1ms).
2023.04.16 09:02:43,295	INFO	136	org.l2jmobius.gameserver.Shutdown	Game Time Task Manager: Thread interruped(0ms).
2023.04.16 09:02:43,295	INFO	136	org.l2jmobius.commons.threads.ThreadPool	ThreadPool: Shutting down.
2023.04.16 09:02:43,296	INFO	136	org.l2jmobius.gameserver.Shutdown	Thread Pool Manager: Manager has been shut down(1ms).
2023.04.16 09:02:43,296	INFO	136	org.l2jmobius.gameserver.Shutdown	Login Server Thread: Thread interruped(0ms).
2023.04.16 09:02:43,297	INFO	136	org.l2jmobius.gameserver.network.telnet.TelnetServer	Shutting down..
2023.04.16 09:02:43,297	INFO	136	org.l2jmobius.gameserver.Shutdown	Telnet Server Thread: Thread interruped(1ms).
2023.04.16 09:02:43,297	INFO	136	org.l2jmobius.gameserver.Shutdown	GM shutdown received. Shutting down NOW!
2023.04.16 09:02:43,309	INFO	136	org.l2jmobius.gameserver.Shutdown	RaidBossSpawnManager: All raidboss info saved(12ms).
2023.04.16 09:02:43,310	INFO	136	org.l2jmobius.gameserver.Shutdown	GrandBossManager: All Grand Boss info saved(1ms).
2023.04.16 09:02:43,310	INFO	136	org.l2jmobius.gameserver.Shutdown	Item Auction Manager: All tasks stopped(0ms).
2023.04.16 09:02:43,314	INFO	136	org.l2jmobius.gameserver.Shutdown	Olympiad System: Data saved(4ms).
2023.04.16 09:02:43,315	INFO	136	org.l2jmobius.gameserver.Shutdown	Hero System: Data saved(1ms).
2023.04.16 09:02:43,315	INFO	136	org.l2jmobius.gameserver.Shutdown	Clan System: Data saved(0ms).
2023.04.16 09:02:43,315	INFO	136	org.l2jmobius.gameserver.Shutdown	Cursed Weapons Manager: Data saved(0ms).
2023.04.16 09:02:43,320	INFO	136	org.l2jmobius.gameserver.Shutdown	Castle Manor Manager: Data saved(5ms).
2023.04.16 09:02:43,320	INFO	136	org.l2jmobius.gameserver.Shutdown	Quest Manager: Data saved(0ms).
2023.04.16 09:02:43,321	INFO	136	org.l2jmobius.gameserver.instancemanager.GlobalVariablesManager	GlobalVariablesManager: Stored 5 variables.
2023.04.16 09:02:43,322	INFO	136	org.l2jmobius.gameserver.Shutdown	Global Variables Manager: Variables saved(2ms).
2023.04.16 09:02:43,322	INFO	136	org.l2jmobius.gameserver.Shutdown	SchemeBufferTable data has been saved.
2023.04.16 09:02:43,323	INFO	136	org.l2jmobius.gameserver.Shutdown	Bot Report Table: Successfully saved reports to database!
2023.04.16 09:02:48,324	INFO	136	org.l2jmobius.gameserver.Shutdown	Game Server: Selector thread has been shut down(1ms).
2023.04.16 09:02:48,334	INFO	136	org.l2jmobius.gameserver.Shutdown	Database Factory: Database connection has been shut down(10ms).
